[debug] [2020-03-12T15:17:04.333Z] ----------------------------------------------------------------------
[debug] [2020-03-12T15:17:04.335Z] Command:       C:\Program Files\nodejs\node.exe C:\Users\Angel\WebstormProjects\ListaDeLaCompra\node_modules\firebase-tools\lib\bin\firebase.js init
[debug] [2020-03-12T15:17:04.335Z] CLI Version:   7.14.0
[debug] [2020-03-12T15:17:04.335Z] Platform:      win32
[debug] [2020-03-12T15:17:04.335Z] Node Version:  v12.16.1
[debug] [2020-03-12T15:17:04.336Z] Time:          Thu Mar 12 2020 16:17:04 GMT+0100 (GMT+01:00)
[debug] [2020-03-12T15:17:04.336Z] ----------------------------------------------------------------------
[debug] [2020-03-12T15:17:04.337Z] 
[debug] [2020-03-12T15:17:04.345Z] > command requires scopes: ["email","openid","https://www.googleapis.com/auth/cloudplatformprojects.readonly","https://www.googleapis.com/auth/firebase","https://www.googleapis.com/auth/cloud-platform"]
[debug] [2020-03-12T15:17:04.345Z] > authorizing via signed-in user
[info] 
     ######## #### ########  ######## ########     ###     ######  ########
     ##        ##  ##     ## ##       ##     ##  ##   ##  ##       ##
     ######    ##  ########  ######   ########  #########  ######  ######
     ##        ##  ##    ##  ##       ##     ## ##     ##       ## ##
     ##       #### ##     ## ######## ########  ##     ##  ######  ########

You're about to initialize a Firebase project in this directory:

  C:\Users\Angel\WebstormProjects\ListaDeLaCompra

Before we get started, keep in mind:

  * You are initializing in an existing Firebase project directory

[info] 
=== Project Setup
[info] 
[info] First, let's associate this project directory with a Firebase project.
[info] You can create multiple project aliases by running firebase use --add, 
[info] but for now we'll just set up a default project.
[info] 
[info] i  .firebaserc already has a default project, using listadelacompra-f0456.
[debug] [2020-03-12T15:17:14.547Z] >>> HTTP REQUEST GET https://firebase.googleapis.com/v1beta1/projects/listadelacompra-f0456  
 
[debug] [2020-03-12T15:17:14.792Z] <<< HTTP RESPONSE 200
[info] 
=== Database Setup
[info] 
[info] Firebase Realtime Database Rules allow you to define how your data should be
[info] structured and when your data can be read from and written to.
[info] 
